<?xml version="1.0" encoding="UTF-8"?>
<testng-results ignored="0" total="1" passed="1" failed="0" skipped="0">
  <reporter-output>
  </reporter-output>
  <suite started-at="2025-04-19T15:18:49 IST" name="Default suite" finished-at="2025-04-19T15:19:01 IST" duration-ms="12573">
    <groups>
    </groups>
    <test started-at="2025-04-19T15:18:49 IST" name="Default test" finished-at="2025-04-19T15:19:01 IST" duration-ms="12573">
      <class name="TestScript.Sample1">
        <test-method is-config="true" signature="configBS()[pri:0, instance:TestScript.Sample1@7c9d8e2]" started-at="2025-04-19T15:18:49 IST" name="configBS" finished-at="2025-04-19T15:18:49 IST" duration-ms="16" status="PASS">
          <reporter-output>
          </reporter-output>
        </test-method> <!-- configBS -->
        <test-method is-config="true" signature="configBC()[pri:0, instance:TestScript.Sample1@7c9d8e2]" started-at="2025-04-19T15:18:49 IST" name="configBC" finished-at="2025-04-19T15:18:52 IST" duration-ms="2908" status="PASS">
          <reporter-output>
          </reporter-output>
        </test-method> <!-- configBC -->
        <test-method is-config="true" signature="configBM()[pri:0, instance:TestScript.Sample1@7c9d8e2]" started-at="2025-04-19T15:18:52 IST" name="configBM" finished-at="2025-04-19T15:18:54 IST" duration-ms="2734" status="PASS">
          <reporter-output>
          </reporter-output>
        </test-method> <!-- configBM -->
        <test-method signature="sampleTest()[pri:0, instance:TestScript.Sample1@7c9d8e2]" started-at="2025-04-19T15:18:54 IST" name="sampleTest" finished-at="2025-04-19T15:18:58 IST" duration-ms="3513" status="PASS">
          <reporter-output>
          </reporter-output>
        </test-method> <!-- sampleTest -->
        <test-method is-config="true" signature="configAM()[pri:0, instance:TestScript.Sample1@7c9d8e2]" started-at="2025-04-19T15:18:58 IST" name="configAM" finished-at="2025-04-19T15:19:01 IST" duration-ms="3042" status="PASS">
          <reporter-output>
          </reporter-output>
        </test-method> <!-- configAM -->
        <test-method is-config="true" signature="configAC()[pri:0, instance:TestScript.Sample1@7c9d8e2]" started-at="2025-04-19T15:19:01 IST" name="configAC" finished-at="2025-04-19T15:19:01 IST" duration-ms="320" status="PASS">
          <reporter-output>
          </reporter-output>
        </test-method> <!-- configAC -->
        <test-method is-config="true" signature="configAS()[pri:0, instance:TestScript.Sample1@7c9d8e2]" started-at="2025-04-19T15:19:01 IST" name="configAS" finished-at="2025-04-19T15:19:01 IST" duration-ms="6" status="PASS">
          <reporter-output>
          </reporter-output>
        </test-method> <!-- configAS -->
      </class> <!-- TestScript.Sample1 -->
    </test> <!-- Default test -->
  </suite> <!-- Default suite -->
</testng-results>
